<?xml version="1.0" encoding="UTF-8"?>
<!-- Generated by org.testng.reporters.JUnitReportReporter -->
<testsuite skipped="0" hostname="Dell-PC" name="parallelTest.CrossBrowserScript" tests="2" failures="0" timestamp="01 May 2019 18:22:07 GMT" time="6.482" errors="0">
  <testcase name="testMultipleBrowser" time="4.048" classname="parallelTest.CrossBrowserScript"/>
  <testcase name="testMultipleBrowser" time="2.434" classname="parallelTest.CrossBrowserScript"/>
</testsuite> <!-- parallelTest.CrossBrowserScript -->
