<?xml version="1.0" encoding="UTF-8"?>
<!-- Generated by org.testng.reporters.JUnitReportReporter -->
<testsuite skipped="0" hostname="Dell-PC" name="SSLcertificate.handleSSL" tests="1" failures="0" timestamp="21 Apr 2019 22:21:46 GMT" time="7.639" errors="0">
  <testcase name="handleCertificate" time="7.639" classname="SSLcertificate.handleSSL"/>
</testsuite> <!-- SSLcertificate.handleSSL -->
