<?xml version="1.0" encoding="UTF-8"?>
<!-- Generated by org.testng.reporters.JUnitReportReporter -->
<testsuite skipped="0" hostname="Dell-PC" name="windowHandles.demo" tests="1" failures="0" timestamp="21 Apr 2019 20:15:08 GMT" time="5.906" errors="0">
  <testcase name="windowHandle" time="5.906" classname="windowHandles.demo"/>
</testsuite> <!-- windowHandles.demo -->
