<?xml version="1.0" encoding="UTF-8"?>
<!-- Generated by org.testng.reporters.JUnitReportReporter -->
<testsuite skipped="0" hostname="Dell-PC" name="windowHandles.MultipleWindow" tests="1" failures="0" timestamp="21 Apr 2019 20:06:48 GMT" time="8.861" errors="0">
  <testcase name="windowHandleTest" time="8.861" classname="windowHandles.MultipleWindow"/>
</testsuite> <!-- windowHandles.MultipleWindow -->
