<?xml version="1.0" encoding="UTF-8"?>
<!-- Generated by org.testng.reporters.JUnitReportReporter -->
<testsuite skipped="0" hostname="Dell-PC" name="windowHandles.HandleThirdChildWindow" tests="1" failures="0" timestamp="21 Apr 2019 20:57:16 GMT" time="7.758" errors="0">
  <testcase name="windowHandleTest" time="7.758" classname="windowHandles.HandleThirdChildWindow"/>
</testsuite> <!-- windowHandles.HandleThirdChildWindow -->
