<?xml version="1.0" encoding="UTF-8"?>
<!-- Generated by org.testng.reporters.JUnitReportReporter -->
<testsuite skipped="0" hostname="Dell-PC" name="captureScreenShot.RobotClass" tests="1" failures="0" timestamp="22 Apr 2019 16:52:13 GMT" time="7.595" errors="0">
  <testcase name="TestRobo" time="7.595" classname="captureScreenShot.RobotClass"/>
</testsuite> <!-- captureScreenShot.RobotClass -->
